# JRE version: OpenJDK Runtime Environment (11.0.11+9) (build 11.0.11+9-b60-7590822)
# Java VM: OpenJDK 64-Bit Server VM (11.0.11+9-b60-7590822, mixed mode, tiered, compressed oops, g1 gc, windows-amd64)
Heap:
 garbage-first heap   total 251904K, used 184925K [0x0000000080000000, 0x0000000100000000)
  region size 1024K, 111 young (113664K), 11 survivors (11264K)
 Metaspace       used 109733K, capacity 112794K, committed 112924K, reserved 1146880K
  class space    used 14408K, capacity 15550K, committed 15564K, reserved 1048576K
GC Heap History (20 events):
Event: 5.322 GC heap before
{Heap before GC invocations=4 (full 0):
 garbage-first heap   total 251904K, used 93880K [0x0000000080000000, 0x0000000100000000)
  region size 1024K, 76 young (77824K), 2 survivors (2048K)
 Metaspace       used 35094K, capacity 35850K, committed 35920K, reserved 1081344K
  class space    used 4542K, capacity 4863K, committed 4864K, reserved 1048576K
}
Event: 5.332 GC heap after
{Heap after GC invocations=5 (full 0):
 garbage-first heap   total 251904K, used 23173K [0x0000000080000000, 0x0000000100000000)
  region size 1024K, 6 young (6144K), 6 survivors (6144K)
 Metaspace       used 35094K, capacity 35850K, committed 35920K, reserved 1081344K
  class space    used 4542K, capacity 4863K, committed 4864K, reserved 1048576K
}
Event: 6.705 GC heap before
{Heap before GC invocations=6 (full 0):
 garbage-first heap   total 251904K, used 135813K [0x0000000080000000, 0x0000000100000000)
  region size 1024K, 113 young (115712K), 6 survivors (6144K)
 Metaspace       used 44352K, capacity 45324K, committed 45596K, reserved 1089536K
  class space    used 5653K, capacity 6023K, committed 6092K, reserved 1048576K
}
Event: 6.720 GC heap after
{Heap after GC invocations=7 (full 0):
 garbage-first heap   total 251904K, used 30041K [0x0000000080000000, 0x0000000100000000)
  region size 1024K, 13 young (13312K), 13 survivors (13312K)
 Metaspace       used 44352K, capacity 45324K, committed 45596K, reserved 1089536K
  class space    used 5653K, capacity 6023K, committed 6092K, reserved 1048576K
}
Event: 8.164 GC heap before
{Heap before GC invocations=7 (full 0):
 garbage-first heap   total 251904K, used 155993K [0x0000000080000000, 0x0000000100000000)
  region size 1024K, 132 young (135168K), 13 survivors (13312K)
 Metaspace       used 51264K, capacity 52533K, committed 52764K, reserved 1095680K
  class space    used 6504K, capacity 6980K, committed 7116K, reserved 1048576K
}
Event: 8.178 GC heap after
{Heap after GC invocations=8 (full 0):
 garbage-first heap   total 251904K, used 45250K [0x0000000080000000, 0x0000000100000000)
  region size 1024K, 17 young (17408K), 17 survivors (17408K)
 Metaspace       used 51264K, capacity 52533K, committed 52764K, reserved 1095680K
  class space    used 6504K, capacity 6980K, committed 7116K, reserved 1048576K
}
Event: 9.051 GC heap before
{Heap before GC invocations=8 (full 0):
 garbage-first heap   total 251904K, used 95426K [0x0000000080000000, 0x0000000100000000)
  region size 1024K, 67 young (68608K), 17 survivors (17408K)
 Metaspace       used 58914K, capacity 60309K, committed 60420K, reserved 1101824K
  class space    used 7458K, capacity 8009K, committed 8116K, reserved 1048576K
}
Event: 9.076 GC heap after
{Heap after GC invocations=9 (full 0):
 garbage-first heap   total 251904K, used 47670K [0x0000000080000000, 0x0000000100000000)
  region size 1024K, 3 young (3072K), 3 survivors (3072K)
 Metaspace       used 58914K, capacity 60309K, committed 60420K, reserved 1101824K
  class space    used 7458K, capacity 8009K, committed 8116K, reserved 1048576K
}
Event: 10.673 GC heap before
{Heap before GC invocations=10 (full 0):
 garbage-first heap   total 251904K, used 169526K [0x0000000080000000, 0x0000000100000000)
  region size 1024K, 122 young (124928K), 3 survivors (3072K)
 Metaspace       used 68372K, capacity 69994K, committed 70276K, reserved 1110016K
  class space    used 8793K, capacity 9411K, committed 9524K, reserved 1048576K
}
Event: 10.682 GC heap after
{Heap after GC invocations=11 (full 0):
 garbage-first heap   total 251904K, used 55801K [0x0000000080000000, 0x0000000100000000)
  region size 1024K, 11 young (11264K), 11 survivors (11264K)
 Metaspace       used 68372K, capacity 69994K, committed 70276K, reserved 1110016K
  class space    used 8793K, capacity 9411K, committed 9524K, reserved 1048576K
}
Event: 12.644 GC heap before
{Heap before GC invocations=11 (full 0):
 garbage-first heap   total 251904K, used 177657K [0x0000000080000000, 0x0000000100000000)
  region size 1024K, 130 young (133120K), 11 survivors (11264K)
 Metaspace       used 80218K, capacity 82206K, committed 82308K, reserved 1120256K
  class space    used 10517K, capacity 11272K, committed 11316K, reserved 1048576K
}
Event: 12.662 GC heap after
{Heap after GC invocations=12 (full 0):
 garbage-first heap   total 251904K, used 64126K [0x0000000080000000, 0x0000000100000000)
  region size 1024K, 9 young (9216K), 9 survivors (9216K)
 Metaspace       used 80218K, capacity 82206K, committed 82308K, reserved 1120256K
  class space    used 10517K, capacity 11272K, committed 11316K, reserved 1048576K
}
Event: 13.639 GC heap before
{Heap before GC invocations=12 (full 0):
 garbage-first heap   total 251904K, used 182910K [0x0000000080000000, 0x0000000100000000)
  region size 1024K, 126 young (129024K), 9 survivors (9216K)
 Metaspace       used 83627K, capacity 85960K, committed 86148K, reserved 1124352K
  class space    used 10892K, capacity 11742K, committed 11828K, reserved 1048576K
}
Event: 13.649 GC heap after
{Heap after GC invocations=13 (full 0):
 garbage-first heap   total 251904K, used 72622K [0x0000000080000000, 0x0000000100000000)
  region size 1024K, 16 young (16384K), 16 survivors (16384K)
 Metaspace       used 83627K, capacity 85960K, committed 86148K, reserved 1124352K
  class space    used 10892K, capacity 11742K, committed 11828K, reserved 1048576K
}
Event: 15.525 GC heap before
{Heap before GC invocations=13 (full 0):
 garbage-first heap   total 251904K, used 190382K [0x0000000080000000, 0x0000000100000000)
  region size 1024K, 130 young (133120K), 16 survivors (16384K)
 Metaspace       used 92784K, capacity 95338K, committed 95620K, reserved 1132544K
  class space    used 12050K, capacity 13026K, committed 13108K, reserved 1048576K
}
Event: 15.538 GC heap after
{Heap after GC invocations=14 (full 0):
 garbage-first heap   total 251904K, used 79900K [0x0000000080000000, 0x0000000100000000)
  region size 1024K, 6 young (6144K), 6 survivors (6144K)
 Metaspace       used 92784K, capacity 95338K, committed 95620K, reserved 1132544K
  class space    used 12050K, capacity 13026K, committed 13108K, reserved 1048576K
}
Event: 16.060 GC heap before
{Heap before GC invocations=14 (full 0):
 garbage-first heap   total 251904K, used 101404K [0x0000000080000000, 0x0000000100000000)
  region size 1024K, 29 young (29696K), 6 survivors (6144K)
 Metaspace       used 98360K, capacity 101090K, committed 101128K, reserved 1136640K
  class space    used 12896K, capacity 13966K, committed 14004K, reserved 1048576K
}
Event: 16.067 GC heap after
{Heap after GC invocations=15 (full 0):
 garbage-first heap   total 251904K, used 77765K [0x0000000080000000, 0x0000000100000000)
  region size 1024K, 6 young (6144K), 6 survivors (6144K)
 Metaspace       used 98360K, capacity 101090K, committed 101128K, reserved 1136640K
  class space    used 12896K, capacity 13966K, committed 14004K, reserved 1048576K
}
Event: 99.786 GC heap before
{Heap before GC invocations=16 (full 0):
 garbage-first heap   total 251904K, used 203717K [0x0000000080000000, 0x0000000100000000)
  region size 1024K, 123 young (125952K), 6 survivors (6144K)
 Metaspace       used 108619K, capacity 111593K, committed 111644K, reserved 1144832K
  class space    used 14394K, capacity 15528K, committed 15564K, reserved 1048576K
}
Event: 99.799 GC heap after
{Heap after GC invocations=17 (full 0):
 garbage-first heap   total 251904K, used 82525K [0x0000000080000000, 0x0000000100000000)
  region size 1024K, 11 young (11264K), 11 survivors (11264K)
 Metaspace       used 108619K, capacity 111593K, committed 111644K, reserved 1144832K
  class space    used 14394K, capacity 15528K, committed 15564K, reserved 1048576K
}

